[2025-11-30 00:17:10] [CHECKLIST_ASSOCIATION] IP: ::1 | URL: /mes/maintenance_checklist/associate | ERROR: SQLSTATE[42000]: [Microsoft][ODBC Driver 17 for SQL Server][SQL Server]Conversion failed when converting from a character string to uniqueidentifier.
[2025-11-30 00:22:31] [DATABASE] IP: ::1 | URL: /mes/maintenance_checklist/associate | ERROR: SQLSTATE[23000]: [Microsoft][ODBC Driver 17 for SQL Server][SQL Server]Cannot insert the value NULL into column 'maintenance_checklist_id', table 'Tool_Monitoring_System.dbo.maintenance_checklist'; column does not allow nulls. INSERT fails.
[2025-11-30 00:22:31] [CHECKLIST_ASSOCIATION] IP: ::1 | URL: /mes/maintenance_checklist/associate | ERROR: SQLSTATE[23000]: [Microsoft][ODBC Driver 17 for SQL Server][SQL Server]Cannot insert the value NULL into column 'maintenance_checklist_id', table 'Tool_Monitoring_System.dbo.maintenance_checklist'; column does not allow nulls. INSERT fails.
[2025-11-30 00:41:31] [DATABASE] IP: ::1 | URL: /mes/maintenance_checklist/associate | ERROR: SQLSTATE[23000]: [Microsoft][ODBC Driver 17 for SQL Server][SQL Server]Cannot insert the value NULL into column 'maintenance_checklist_id', table 'Tool_Monitoring_System.dbo.maintenance_checklist'; column does not allow nulls. INSERT fails.
[2025-11-30 00:41:31] [CHECKLIST_ASSOCIATION] IP: ::1 | URL: /mes/maintenance_checklist/associate | ERROR: SQLSTATE[23000]: [Microsoft][ODBC Driver 17 for SQL Server][SQL Server]Cannot insert the value NULL into column 'maintenance_checklist_id', table 'Tool_Monitoring_System.dbo.maintenance_checklist'; column does not allow nulls. INSERT fails.
[2025-11-30 04:10:49] [MAINTENANCE_ASSOCIATE] IP: ::1 | URL: /mes/maintenance_checklist/associate | ERROR: SQLSTATE[42S22]: [Microsoft][ODBC Driver 17 for SQL Server][SQL Server]Invalid column name 'id'.
[2025-11-30 04:10:49] [MAINTENANCE_ASSOCIATE_CONTROLLER] IP: ::1 | URL: /mes/maintenance_checklist/associate | ERROR: SQLSTATE[42S22]: [Microsoft][ODBC Driver 17 for SQL Server][SQL Server]Invalid column name 'id'.
[2025-11-30 11:01:55] [MAINTENANCE_ASSOCIATE] IP: ::1 | URL: /mes/maintenance_checklist/associate | ERROR: SQLSTATE[42S22]: [Microsoft][ODBC Driver 17 for SQL Server][SQL Server]Invalid column name 'id'.
[2025-11-30 11:01:55] [MAINTENANCE_ASSOCIATE_CONTROLLER] IP: ::1 | URL: /mes/maintenance_checklist/associate | ERROR: SQLSTATE[42S22]: [Microsoft][ODBC Driver 17 for SQL Server][SQL Server]Invalid column name 'id'.
[2025-11-30 11:02:01] [MAINTENANCE_ASSOCIATE] IP: ::1 | URL: /mes/maintenance_checklist/associate | ERROR: SQLSTATE[42S22]: [Microsoft][ODBC Driver 17 for SQL Server][SQL Server]Invalid column name 'id'.
[2025-11-30 11:02:01] [MAINTENANCE_ASSOCIATE_CONTROLLER] IP: ::1 | URL: /mes/maintenance_checklist/associate | ERROR: SQLSTATE[42S22]: [Microsoft][ODBC Driver 17 for SQL Server][SQL Server]Invalid column name 'id'.
[2025-11-30 11:21:25] [MAINTENANCE_ASSOCIATE] IP: ::1 | URL: /mes/maintenance_checklist/associate | ERROR: SQLSTATE[42S22]: [Microsoft][ODBC Driver 17 for SQL Server][SQL Server]Invalid column name 'id'.
[2025-11-30 11:21:25] [MAINTENANCE_ASSOCIATE_CONTROLLER] IP: ::1 | URL: /mes/maintenance_checklist/associate | ERROR: SQLSTATE[42S22]: [Microsoft][ODBC Driver 17 for SQL Server][SQL Server]Invalid column name 'id'.
[2025-11-30 11:21:57] [MAINTENANCE_ASSOCIATE] IP: ::1 | URL: /mes/maintenance_checklist/associate | ERROR: SQLSTATE[42S22]: [Microsoft][ODBC Driver 17 for SQL Server][SQL Server]Invalid column name 'id'.
[2025-11-30 11:21:57] [MAINTENANCE_ASSOCIATE_CONTROLLER] IP: ::1 | URL: /mes/maintenance_checklist/associate | ERROR: SQLSTATE[42S22]: [Microsoft][ODBC Driver 17 for SQL Server][SQL Server]Invalid column name 'id'.
[2025-11-30 12:37:04] [MAINTENANCE_ASSOCIATE] IP: ::1 | URL: /mes/maintenance_checklist/associate | ERROR: SQLSTATE[42S22]: [Microsoft][ODBC Driver 17 for SQL Server][SQL Server]Invalid column name 'technician'.
[2025-11-30 12:37:04] [MAINTENANCE_ASSOCIATE_CONTROLLER] IP: ::1 | URL: /mes/maintenance_checklist/associate | ERROR: SQLSTATE[42S22]: [Microsoft][ODBC Driver 17 for SQL Server][SQL Server]Invalid column name 'technician'.
[2025-11-30 12:37:39] [MAINTENANCE_ASSOCIATE] IP: ::1 | URL: /mes/maintenance_checklist/associate | ERROR: SQLSTATE[42S22]: [Microsoft][ODBC Driver 17 for SQL Server][SQL Server]Invalid column name 'technician'.
[2025-11-30 12:37:39] [MAINTENANCE_ASSOCIATE_CONTROLLER] IP: ::1 | URL: /mes/maintenance_checklist/associate | ERROR: SQLSTATE[42S22]: [Microsoft][ODBC Driver 17 for SQL Server][SQL Server]Invalid column name 'technician'.
[2025-11-30 12:38:41] [MAINTENANCE_ASSOCIATE] IP: ::1 | URL: /mes/maintenance_checklist/associate | ERROR: SQLSTATE[42S22]: [Microsoft][ODBC Driver 17 for SQL Server][SQL Server]Invalid column name 'technician'.
[2025-11-30 12:38:41] [MAINTENANCE_ASSOCIATE_CONTROLLER] IP: ::1 | URL: /mes/maintenance_checklist/associate | ERROR: SQLSTATE[42S22]: [Microsoft][ODBC Driver 17 for SQL Server][SQL Server]Invalid column name 'technician'.
[2025-11-30 12:55:07] [MAINTENANCE_ASSOCIATE] IP: ::1 | URL: /mes/maintenance_checklist/associate | ERROR: SQLSTATE[42S22]: [Microsoft][ODBC Driver 17 for SQL Server][SQL Server]Invalid column name 'technician'.
[2025-11-30 12:55:07] [MAINTENANCE_ASSOCIATE_CONTROLLER] IP: ::1 | URL: /mes/maintenance_checklist/associate | ERROR: SQLSTATE[42S22]: [Microsoft][ODBC Driver 17 for SQL Server][SQL Server]Invalid column name 'technician'.
[2025-11-30 13:00:21] [MAINTENANCE_ASSOCIATE] IP: ::1 | URL: /mes/maintenance_checklist/associate | ERROR: SQLSTATE[42S22]: [Microsoft][ODBC Driver 17 for SQL Server][SQL Server]Invalid column name 'technician'.
[2025-11-30 13:00:21] [MAINTENANCE_ASSOCIATE_CONTROLLER] IP: ::1 | URL: /mes/maintenance_checklist/associate | ERROR: SQLSTATE[42S22]: [Microsoft][ODBC Driver 17 for SQL Server][SQL Server]Invalid column name 'technician'.
[2025-11-30 13:03:08] [MAINTENANCE_ASSOCIATE] IP: ::1 | URL: /mes/maintenance_checklist/associate | ERROR: SQLSTATE[42S22]: [Microsoft][ODBC Driver 17 for SQL Server][SQL Server]Invalid column name 'technician'.
[2025-11-30 13:03:08] [MAINTENANCE_ASSOCIATE_CONTROLLER] IP: ::1 | URL: /mes/maintenance_checklist/associate | ERROR: SQLSTATE[42S22]: [Microsoft][ODBC Driver 17 for SQL Server][SQL Server]Invalid column name 'technician'.
[2025-11-30 13:03:54] [MAINTENANCE_ASSOCIATE] IP: ::1 | URL: /mes/maintenance_checklist/associate | ERROR: SQLSTATE[42S22]: [Microsoft][ODBC Driver 17 for SQL Server][SQL Server]Invalid column name 'technician'.
[2025-11-30 13:03:54] [MAINTENANCE_ASSOCIATE_CONTROLLER] IP: ::1 | URL: /mes/maintenance_checklist/associate | ERROR: SQLSTATE[42S22]: [Microsoft][ODBC Driver 17 for SQL Server][SQL Server]Invalid column name 'technician'.
[2025-11-30 13:10:05] [MAINTENANCE_ASSOCIATE] IP: ::1 | URL: /mes/maintenance_checklist/associate | ERROR: SQLSTATE[42S22]: [Microsoft][ODBC Driver 17 for SQL Server][SQL Server]Invalid column name 'technician'.
[2025-11-30 13:10:05] [MAINTENANCE_ASSOCIATE_CONTROLLER] IP: ::1 | URL: /mes/maintenance_checklist/associate | ERROR: SQLSTATE[42S22]: [Microsoft][ODBC Driver 17 for SQL Server][SQL Server]Invalid column name 'technician'.
[2025-11-30 13:38:29] [MAINTENANCE_ASSOCIATE] IP: ::1 | URL: /mes/maintenance_checklist/associate | ERROR: SQLSTATE[42S22]: [Microsoft][ODBC Driver 17 for SQL Server][SQL Server]Invalid column name 'technician'.
[2025-11-30 13:38:29] [MAINTENANCE_ASSOCIATE_CONTROLLER] IP: ::1 | URL: /mes/maintenance_checklist/associate | ERROR: SQLSTATE[42S22]: [Microsoft][ODBC Driver 17 for SQL Server][SQL Server]Invalid column name 'technician'.
[2025-11-30 13:46:16] [MAINTENANCE_ASSOCIATE] IP: ::1 | URL: /mes/maintenance_checklist/associate | ERROR: SQLSTATE[42S22]: [Microsoft][ODBC Driver 17 for SQL Server][SQL Server]Invalid column name 'technician'.
[2025-11-30 13:46:16] [MAINTENANCE_ASSOCIATE_CONTROLLER] IP: ::1 | URL: /mes/maintenance_checklist/associate | ERROR: SQLSTATE[42S22]: [Microsoft][ODBC Driver 17 for SQL Server][SQL Server]Invalid column name 'technician'.
[2025-11-30 13:46:32] [MAINTENANCE_ASSOCIATE] IP: ::1 | URL: /mes/maintenance_checklist/associate | ERROR: SQLSTATE[42S22]: [Microsoft][ODBC Driver 17 for SQL Server][SQL Server]Invalid column name 'technician'.
[2025-11-30 13:46:32] [MAINTENANCE_ASSOCIATE_CONTROLLER] IP: ::1 | URL: /mes/maintenance_checklist/associate | ERROR: SQLSTATE[42S22]: [Microsoft][ODBC Driver 17 for SQL Server][SQL Server]Invalid column name 'technician'.
[2025-11-30 13:49:54] [MAINTENANCE_ASSOCIATE] IP: ::1 | URL: /mes/maintenance_checklist/associate | ERROR: SQLSTATE[42S22]: [Microsoft][ODBC Driver 17 for SQL Server][SQL Server]Invalid column name 'technician'.
[2025-11-30 13:49:54] [MAINTENANCE_ASSOCIATE_CONTROLLER] IP: ::1 | URL: /mes/maintenance_checklist/associate | ERROR: SQLSTATE[42S22]: [Microsoft][ODBC Driver 17 for SQL Server][SQL Server]Invalid column name 'technician'.
[2025-11-30 13:52:17] [MAINTENANCE_ASSOCIATE] IP: ::1 | URL: /mes/maintenance_checklist/associate | ERROR: SQLSTATE[42S22]: [Microsoft][ODBC Driver 17 for SQL Server][SQL Server]Invalid column name 'technician'.
[2025-11-30 13:52:17] [MAINTENANCE_ASSOCIATE_CONTROLLER] IP: ::1 | URL: /mes/maintenance_checklist/associate | ERROR: SQLSTATE[42S22]: [Microsoft][ODBC Driver 17 for SQL Server][SQL Server]Invalid column name 'technician'.
[2025-11-30 13:54:26] [MAINTENANCE_ASSOCIATE] IP: ::1 | URL: /mes/maintenance_checklist/associate | ERROR: SQLSTATE[42S22]: [Microsoft][ODBC Driver 17 for SQL Server][SQL Server]Invalid column name 'technician'.
[2025-11-30 13:54:26] [MAINTENANCE_ASSOCIATE_CONTROLLER] IP: ::1 | URL: /mes/maintenance_checklist/associate | ERROR: SQLSTATE[42S22]: [Microsoft][ODBC Driver 17 for SQL Server][SQL Server]Invalid column name 'technician'.
[2025-11-30 13:56:37] [MAINTENANCE_ASSOCIATE] IP: ::1 | URL: /mes/maintenance_checklist/associate | ERROR: SQLSTATE[42S22]: [Microsoft][ODBC Driver 17 for SQL Server][SQL Server]Invalid column name 'technician'.
[2025-11-30 13:56:37] [MAINTENANCE_ASSOCIATE_CONTROLLER] IP: ::1 | URL: /mes/maintenance_checklist/associate | ERROR: SQLSTATE[42S22]: [Microsoft][ODBC Driver 17 for SQL Server][SQL Server]Invalid column name 'technician'.
[2025-11-30 14:01:34] [MAINTENANCE_ASSOCIATE] IP: ::1 | URL: /mes/maintenance_checklist/associate | ERROR: SQLSTATE[42S22]: [Microsoft][ODBC Driver 17 for SQL Server][SQL Server]Invalid column name 'technician'.
[2025-11-30 14:01:34] [MAINTENANCE_ASSOCIATE_CONTROLLER] IP: ::1 | URL: /mes/maintenance_checklist/associate | ERROR: SQLSTATE[42S22]: [Microsoft][ODBC Driver 17 for SQL Server][SQL Server]Invalid column name 'technician'.
[2025-11-30 14:32:11] [MAINTENANCE_ASSOCIATE] IP: ::1 | URL: /mes/maintenance_checklist/associate | ERROR: SQLSTATE[42S22]: [Microsoft][ODBC Driver 17 for SQL Server][SQL Server]Invalid column name 'technician'.
[2025-11-30 14:32:11] [MAINTENANCE_ASSOCIATE_CONTROLLER] IP: ::1 | URL: /mes/maintenance_checklist/associate | ERROR: SQLSTATE[42S22]: [Microsoft][ODBC Driver 17 for SQL Server][SQL Server]Invalid column name 'technician'.
[2025-11-30 14:33:04] [MAINTENANCE_ASSOCIATE] IP: ::1 | URL: /mes/maintenance_checklist/associate | ERROR: SQLSTATE[42S22]: [Microsoft][ODBC Driver 17 for SQL Server][SQL Server]Invalid column name 'technician'.
[2025-11-30 14:33:04] [MAINTENANCE_ASSOCIATE_CONTROLLER] IP: ::1 | URL: /mes/maintenance_checklist/associate | ERROR: SQLSTATE[42S22]: [Microsoft][ODBC Driver 17 for SQL Server][SQL Server]Invalid column name 'technician'.
[2025-11-30 14:34:07] [MAINTENANCE_ASSOCIATE] IP: ::1 | URL: /mes/maintenance_checklist/associate | ERROR: SQLSTATE[42S22]: [Microsoft][ODBC Driver 17 for SQL Server][SQL Server]Invalid column name 'technician'.
[2025-11-30 14:34:07] [MAINTENANCE_ASSOCIATE_CONTROLLER] IP: ::1 | URL: /mes/maintenance_checklist/associate | ERROR: SQLSTATE[42S22]: [Microsoft][ODBC Driver 17 for SQL Server][SQL Server]Invalid column name 'technician'.
[2025-11-30 14:37:19] [MAINTENANCE_ASSOCIATE] IP: ::1 | URL: /mes/maintenance_checklist/associate | ERROR: SQLSTATE[42S22]: [Microsoft][ODBC Driver 17 for SQL Server][SQL Server]Invalid column name 'technician'.
[2025-11-30 14:37:19] [MAINTENANCE_ASSOCIATE_CONTROLLER] IP: ::1 | URL: /mes/maintenance_checklist/associate | ERROR: SQLSTATE[42S22]: [Microsoft][ODBC Driver 17 for SQL Server][SQL Server]Invalid column name 'technician'.
[2025-11-30 14:39:28] [MAINTENANCE_ASSOCIATE] IP: ::1 | URL: /mes/maintenance_checklist/associate | ERROR: SQLSTATE[42S22]: [Microsoft][ODBC Driver 17 for SQL Server][SQL Server]Invalid column name 'technician'.
[2025-11-30 14:39:28] [MAINTENANCE_ASSOCIATE_CONTROLLER] IP: ::1 | URL: /mes/maintenance_checklist/associate | ERROR: SQLSTATE[42S22]: [Microsoft][ODBC Driver 17 for SQL Server][SQL Server]Invalid column name 'technician'.
[2025-11-30 14:42:45] [MAINTENANCE_ASSOCIATE] IP: ::1 | URL: /mes/maintenance_checklist/associate | ERROR: SQLSTATE[42S22]: [Microsoft][ODBC Driver 17 for SQL Server][SQL Server]Invalid column name 'technician'.
[2025-11-30 14:42:45] [MAINTENANCE_ASSOCIATE_CONTROLLER] IP: ::1 | URL: /mes/maintenance_checklist/associate | ERROR: SQLSTATE[42S22]: [Microsoft][ODBC Driver 17 for SQL Server][SQL Server]Invalid column name 'technician'.
[2025-11-30 14:47:56] [MAINTENANCE_ASSOCIATE] IP: ::1 | URL: /mes/maintenance_checklist/associate | ERROR: SQLSTATE[42S22]: [Microsoft][ODBC Driver 17 for SQL Server][SQL Server]Invalid column name 'technician'.
[2025-11-30 14:47:56] [MAINTENANCE_ASSOCIATE_CONTROLLER] IP: ::1 | URL: /mes/maintenance_checklist/associate | ERROR: SQLSTATE[42S22]: [Microsoft][ODBC Driver 17 for SQL Server][SQL Server]Invalid column name 'technician'.
[2025-11-30 14:48:20] [MAINTENANCE_ASSOCIATE] IP: ::1 | URL: /mes/maintenance_checklist/associate | ERROR: SQLSTATE[42S22]: [Microsoft][ODBC Driver 17 for SQL Server][SQL Server]Invalid column name 'technician'.
[2025-11-30 14:48:20] [MAINTENANCE_ASSOCIATE_CONTROLLER] IP: ::1 | URL: /mes/maintenance_checklist/associate | ERROR: SQLSTATE[42S22]: [Microsoft][ODBC Driver 17 for SQL Server][SQL Server]Invalid column name 'technician'.
[2025-11-30 15:00:11] [MAINTENANCE_ASSOCIATE] IP: ::1 | URL: /mes/maintenance_checklist/associate | ERROR: SQLSTATE[42S22]: [Microsoft][ODBC Driver 17 for SQL Server][SQL Server]Invalid column name 'technician'.
[2025-11-30 15:00:11] [MAINTENANCE_ASSOCIATE_CONTROLLER] IP: ::1 | URL: /mes/maintenance_checklist/associate | ERROR: SQLSTATE[42S22]: [Microsoft][ODBC Driver 17 for SQL Server][SQL Server]Invalid column name 'technician'.
[2025-11-30 15:00:18] [MAINTENANCE_ASSOCIATE] IP: ::1 | URL: /mes/maintenance_checklist/associate | ERROR: SQLSTATE[42S22]: [Microsoft][ODBC Driver 17 for SQL Server][SQL Server]Invalid column name 'technician'.
[2025-11-30 15:00:18] [MAINTENANCE_ASSOCIATE_CONTROLLER] IP: ::1 | URL: /mes/maintenance_checklist/associate | ERROR: SQLSTATE[42S22]: [Microsoft][ODBC Driver 17 for SQL Server][SQL Server]Invalid column name 'technician'.
[2025-11-30 15:02:45] [MAINTENANCE_ASSOCIATE] IP: ::1 | URL: /mes/maintenance_checklist/associate | ERROR: SQLSTATE[42S22]: [Microsoft][ODBC Driver 17 for SQL Server][SQL Server]Invalid column name 'id'.
[2025-11-30 15:02:45] [MAINTENANCE_ASSOCIATE_CONTROLLER] IP: ::1 | URL: /mes/maintenance_checklist/associate | ERROR: SQLSTATE[42S22]: [Microsoft][ODBC Driver 17 for SQL Server][SQL Server]Invalid column name 'id'.
[2025-11-30 15:03:34] [MAINTENANCE_ASSOCIATE] IP: ::1 | URL: /mes/maintenance_checklist/associate | ERROR: SQLSTATE[42S22]: [Microsoft][ODBC Driver 17 for SQL Server][SQL Server]Invalid column name 'id'.
[2025-11-30 15:03:34] [MAINTENANCE_ASSOCIATE_CONTROLLER] IP: ::1 | URL: /mes/maintenance_checklist/associate | ERROR: SQLSTATE[42S22]: [Microsoft][ODBC Driver 17 for SQL Server][SQL Server]Invalid column name 'id'.
[2025-11-30 15:04:31] [MAINTENANCE_ASSOCIATE] IP: ::1 | URL: /mes/maintenance_checklist/associate | ERROR: SQLSTATE[42S22]: [Microsoft][ODBC Driver 17 for SQL Server][SQL Server]Invalid column name 'id'.
[2025-11-30 15:04:31] [MAINTENANCE_ASSOCIATE_CONTROLLER] IP: ::1 | URL: /mes/maintenance_checklist/associate | ERROR: SQLSTATE[42S22]: [Microsoft][ODBC Driver 17 for SQL Server][SQL Server]Invalid column name 'id'.
[2025-11-30 15:04:39] [MAINTENANCE_ASSOCIATE] IP: ::1 | URL: /mes/maintenance_checklist/associate | ERROR: SQLSTATE[42S22]: [Microsoft][ODBC Driver 17 for SQL Server][SQL Server]Invalid column name 'id'.
[2025-11-30 15:04:39] [MAINTENANCE_ASSOCIATE_CONTROLLER] IP: ::1 | URL: /mes/maintenance_checklist/associate | ERROR: SQLSTATE[42S22]: [Microsoft][ODBC Driver 17 for SQL Server][SQL Server]Invalid column name 'id'.
[2025-11-30 15:11:06] [MAINTENANCE_ASSOCIATE] IP: ::1 | URL: /mes/maintenance_checklist/associate | ERROR: SQLSTATE[42S22]: [Microsoft][ODBC Driver 17 for SQL Server][SQL Server]Invalid column name 'asset_id'.
[2025-11-30 15:11:06] [MAINTENANCE_ASSOCIATE_CONTROLLER] IP: ::1 | URL: /mes/maintenance_checklist/associate | ERROR: SQLSTATE[42S22]: [Microsoft][ODBC Driver 17 for SQL Server][SQL Server]Invalid column name 'asset_id'.
[2025-11-30 15:17:13] [MAINTENANCE_ASSOCIATE] IP: ::1 | URL: /mes/maintenance_checklist/associate | ERROR: SQLSTATE[42S22]: [Microsoft][ODBC Driver 17 for SQL Server][SQL Server]Invalid column name 'asset_id'.
[2025-11-30 15:17:13] [MAINTENANCE_ASSOCIATE_CONTROLLER] IP: ::1 | URL: /mes/maintenance_checklist/associate | ERROR: SQLSTATE[42S22]: [Microsoft][ODBC Driver 17 for SQL Server][SQL Server]Invalid column name 'asset_id'.
[2025-11-30 15:21:27] [MAINTENANCE_ASSOCIATE] IP: ::1 | URL: /mes/maintenance_checklist/associate | ERROR: SQLSTATE[42S22]: [Microsoft][ODBC Driver 17 for SQL Server][SQL Server]Invalid column name 'asset_id'.
[2025-11-30 15:21:27] [MAINTENANCE_ASSOCIATE_CONTROLLER] IP: ::1 | URL: /mes/maintenance_checklist/associate | ERROR: SQLSTATE[42S22]: [Microsoft][ODBC Driver 17 for SQL Server][SQL Server]Invalid column name 'asset_id'.
[2025-11-30 22:25:48] [MAINTENANCE_ASSOCIATE] IP: ::1 | URL: /mes/maintenance_checklist/associate | ERROR: SQLSTATE[42S22]: [Microsoft][ODBC Driver 17 for SQL Server][SQL Server]Invalid column name 'asset_id'.
[2025-11-30 22:25:48] [MAINTENANCE_ASSOCIATE_CONTROLLER] IP: ::1 | URL: /mes/maintenance_checklist/associate | ERROR: SQLSTATE[42S22]: [Microsoft][ODBC Driver 17 for SQL Server][SQL Server]Invalid column name 'asset_id'.
[2025-11-30 22:31:47] [MAINTENANCE_ASSOCIATE] IP: ::1 | URL: /mes/maintenance_checklist/associate | ERROR: SQLSTATE[42S22]: [Microsoft][ODBC Driver 17 for SQL Server][SQL Server]Invalid column name 'asset_id'.
[2025-11-30 22:31:47] [MAINTENANCE_ASSOCIATE_CONTROLLER] IP: ::1 | URL: /mes/maintenance_checklist/associate | ERROR: SQLSTATE[42S22]: [Microsoft][ODBC Driver 17 for SQL Server][SQL Server]Invalid column name 'asset_id'.
[2025-11-30 22:41:56] [MAINTENANCE_ASSOCIATE] IP: ::1 | URL: /mes/maintenance_checklist/associate | ERROR: SQLSTATE[42S22]: [Microsoft][ODBC Driver 17 for SQL Server][SQL Server]Invalid column name 'asset_id'.
[2025-11-30 22:41:56] [MAINTENANCE_ASSOCIATE_CONTROLLER] IP: ::1 | URL: /mes/maintenance_checklist/associate | ERROR: SQLSTATE[42S22]: [Microsoft][ODBC Driver 17 for SQL Server][SQL Server]Invalid column name 'asset_id'.
[2025-11-30 23:09:25] [MAINTENANCE_CHECKLIST] IP: ::1 | URL: /mes/maintenance_checklist/update | ERROR: Archive and cleanup checklist failed: SQLSTATE[22007]: [Microsoft][ODBC Driver 17 for SQL Server][SQL Server]Conversion failed when converting date and/or time from character string.
